#
# There is insufficient memory for the Java Runtime Environment to continue.
# Native memory allocation (mmap) failed to map 125829120 bytes. Error detail: G1 virtual space
# Possible reasons:
#   The system is out of physical RAM or swap space
#   This process is running with CompressedOops enabled, and the Java Heap may be blocking the growth of the native heap
# Possible solutions:
#   Reduce memory load on the system
#   Increase physical memory or swap space
#   Check if swap backing store is full
#   Decrease Java heap size (-Xmx/-Xms)
#   Decrease number of Java threads
#   Decrease Java thread stack sizes (-Xss)
#   Set larger code cache with -XX:ReservedCodeCacheSize=
#   JVM is running with Unscaled Compressed Oops mode in which the Java heap is
#     placed in the first 4GB address space. The Java Heap base address is the
#     maximum limit for the native heap growth. Please use -XX:HeapBaseMinAddress
#     to set the Java Heap base and to place the Java Heap above 4GB virtual address.
# This output file may be truncated or incomplete.
#
#  Out of Memory Error (os_windows.cpp:3825), pid=13192, tid=15372
#
# JRE version:  (17.0.11) (build )
# Java VM: OpenJDK 64-Bit Server VM (17.0.11+0--11852314, mixed mode, sharing, tiered, compressed oops, compressed class ptrs, g1 gc, windows-amd64)
# No core dump will be written. Minidumps are not enabled by default on client versions of Windows
#

---------------  S U M M A R Y ------------

Command Line: org.jetbrains.kotlin.cli.jvm.K2JVMCompiler @C:\Users\vijay\StudioProjects\vivi_ride_app\build\app\20240828_1028165610132873080.compiler.options

Host: AMD Ryzen 5 5500U with Radeon Graphics         , 12 cores, 7G,  Windows 11 , 64 bit Build 22621 (10.0.22621.3958)
Time: Wed Aug 28 21:53:26 2024 India Standard Time elapsed time: 0.009985 seconds (0d 0h 0m 0s)

---------------  T H R E A D  ---------------

Current thread (0x000001f1035ddf80):  JavaThread "Unknown thread" [_thread_in_vm, id=15372, stack(0x0000009e39500000,0x0000009e39600000)]

Stack: [0x0000009e39500000,0x0000009e39600000]
Native frames: (J=compiled Java code, j=interpreted, Vv=VM code, C=native code)
V  [jvm.dll+0x687bb9]
V  [jvm.dll+0x84142a]
V  [jvm.dll+0x8430ae]
V  [jvm.dll+0x843713]
V  [jvm.dll+0x24a35f]
V  [jvm.dll+0x684989]
V  [jvm.dll+0x67923a]
V  [jvm.dll+0x30af0b]
V  [jvm.dll+0x3123b6]
V  [jvm.dll+0x361dfe]
V  [jvm.dll+0x36202f]
V  [jvm.dll+0x2e0d38]
V  [jvm.dll+0x2e1ca4]
V  [jvm.dll+0x811f21]
V  [jvm.dll+0x36fb68]
V  [jvm.dll+0x7f0896]
V  [jvm.dll+0x3f3d2f]
V  [jvm.dll+0x3f58e1]
C  [jli.dll+0x528f]
C  [ucrtbase.dll+0x29333]
C  [KERNEL32.DLL+0x1257d]
C  [ntdll.dll+0x5af28]


---------------  P R O C E S S  ---------------

Threads class SMR info:
_java_thread_list=0x00007ff92382efd8, length=0, elements={
}

Java Threads: ( => current thread )

Other Threads:
  0x000001f1036354d0 GCTaskThread "GC Thread#0" [stack: 0x0000009e39600000,0x0000009e39700000] [id=13600]
  0x000001f1036450a0 ConcurrentGCThread "G1 Main Marker" [stack: 0x0000009e39700000,0x0000009e39800000] [id=15816]
  0x000001f103645ac0 ConcurrentGCThread "G1 Conc#0" [stack: 0x0000009e39800000,0x0000009e39900000] [id=8600]

[error occurred during error reporting (printing all threads), id 0xc0000005, EXCEPTION_ACCESS_VIOLATION (0xc0000005) at pc=0x00007ff922fe1907]

VM state: not at safepoint (not fully initialized)

VM Mutex/Monitor currently owned by a thread:  ([mutex/lock_event])
[0x000001f1035d9d80] Heap_lock - owner thread: 0x000001f1035ddf80

Heap address: 0x0000000089c00000, size: 1892 MB, Compressed Oops mode: 32-bit

CDS archive(s) mapped at: [0x0000000000000000-0x0000000000000000-0x0000000000000000), size 0, SharedBaseAddress: 0x0000000800000000, ArchiveRelocationMode: 1.
Narrow klass base: 0x0000000000000000, Narrow klass shift: 0, Narrow klass range: 0x0

GC Precious Log:
<Empty>

Heap:
 garbage-first heap   total 0K, used 0K [0x0000000089c00000, 0x0000000100000000)
  region size 1024K, 0 young (0K), 0 survivors (0K)
 Metaspace       used 0K, committed 0K, reserved 0K
  class space    used 0K, committed 0K, reserved 0K

Heap Regions: E=young(eden), S=young(survivor), O=old, HS=humongous(starts), HC=humongous(continues), CS=collection set, F=free, OA=open archive, CA=closed archive, TAMS=top-at-mark-start (previous, next)

Card table byte_map: [0x000001f1182e0000,0x000001f1186a0000] _byte_map_base: 0x000001f117e92000

Marking Bits (Prev, Next): (CMBitMap*) 0x000001f103635af0, (CMBitMap*) 0x000001f103635b30
 Prev Bits: [0x000001f118a60000, 0x000001f11a7f0000)
 Next Bits: [0x000001f11a7f0000, 0x000001f11c580000)

GC Heap History (0 events):
No events

Dll operation events (1 events):
Event: 0.006 Loaded shared library R:\program files\Android\Android studio\jbr\bin\java.dll

Deoptimization events (0 events):
No events

Classes unloaded (0 events):
No events

Classes redefined (0 events):
No events

Internal exceptions (0 events):
No events

VM Operations (0 events):
No events

Events (0 events):
No events


Dynamic libraries:
0x00007ff6d84c0000 - 0x00007ff6d84ca000 	R:\program files\Android\Android studio\jbr\bin\java.exe
0x00007ff98ee70000 - 0x00007ff98f087000 	C:\WINDOWS\SYSTEM32\ntdll.dll
0x00007ff98d220000 - 0x00007ff98d2e4000 	C:\WINDOWS\System32\KERNEL32.DLL
0x00007ff98c400000 - 0x00007ff98c7ad000 	C:\WINDOWS\System32\KERNELBASE.dll
0x00007ff98c7b0000 - 0x00007ff98c8c1000 	C:\WINDOWS\System32\ucrtbase.dll
0x00007ff9209a0000 - 0x00007ff9209b7000 	R:\program files\Android\Android studio\jbr\bin\jli.dll
0x00007ff987740000 - 0x00007ff98775b000 	R:\program files\Android\Android studio\jbr\bin\VCRUNTIME140.dll
0x00007ff98e940000 - 0x00007ff98eaee000 	C:\WINDOWS\System32\USER32.dll
0x00007ff98c3d0000 - 0x00007ff98c3f6000 	C:\WINDOWS\System32\win32u.dll
0x00007ff97c760000 - 0x00007ff97c9f3000 	C:\WINDOWS\WinSxS\amd64_microsoft.windows.common-controls_6595b64144ccf1df_6.0.22621.3672_none_2713b9d173822955\COMCTL32.dll
0x00007ff98e890000 - 0x00007ff98e937000 	C:\WINDOWS\System32\msvcrt.dll
0x00007ff98eca0000 - 0x00007ff98ecc9000 	C:\WINDOWS\System32\GDI32.dll
0x00007ff98c190000 - 0x00007ff98c2a9000 	C:\WINDOWS\System32\gdi32full.dll
0x00007ff98c2b0000 - 0x00007ff98c34a000 	C:\WINDOWS\System32\msvcp_win.dll
0x00007ff98d3b0000 - 0x00007ff98d3e1000 	C:\WINDOWS\System32\IMM32.DLL
0x00007ff989250000 - 0x00007ff98925c000 	R:\program files\Android\Android studio\jbr\bin\vcruntime140_1.dll
0x00007ff97aa00000 - 0x00007ff97aa8d000 	R:\program files\Android\Android studio\jbr\bin\msvcp140.dll
0x00007ff922cf0000 - 0x00007ff923973000 	R:\program files\Android\Android studio\jbr\bin\server\jvm.dll
0x00007ff98d870000 - 0x00007ff98d922000 	C:\WINDOWS\System32\ADVAPI32.dll
0x00007ff98cf40000 - 0x00007ff98cfe9000 	C:\WINDOWS\System32\sechost.dll
0x00007ff98c8d0000 - 0x00007ff98c8f8000 	C:\WINDOWS\System32\bcrypt.dll
0x00007ff98e3b0000 - 0x00007ff98e4c4000 	C:\WINDOWS\System32\RPCRT4.dll
0x00007ff92f520000 - 0x00007ff92f529000 	C:\WINDOWS\SYSTEM32\WSOCK32.dll
0x00007ff98e600000 - 0x00007ff98e671000 	C:\WINDOWS\System32\WS2_32.dll
0x00007ff9830f0000 - 0x00007ff983124000 	C:\WINDOWS\SYSTEM32\WINMM.dll
0x00007ff98b040000 - 0x00007ff98b08d000 	C:\WINDOWS\SYSTEM32\POWRPROF.dll
0x00007ff986d10000 - 0x00007ff986d1a000 	C:\WINDOWS\SYSTEM32\VERSION.dll
0x00007ff98b020000 - 0x00007ff98b033000 	C:\WINDOWS\SYSTEM32\UMPDC.dll
0x00007ff98b2d0000 - 0x00007ff98b2e8000 	C:\WINDOWS\SYSTEM32\kernel.appcore.dll
0x00007ff922cb0000 - 0x00007ff922cba000 	R:\program files\Android\Android studio\jbr\bin\jimage.dll
0x00007ff97f650000 - 0x00007ff97f882000 	C:\WINDOWS\SYSTEM32\DBGHELP.DLL
0x00007ff98cba0000 - 0x00007ff98cf2e000 	C:\WINDOWS\System32\combase.dll
0x00007ff98e7b0000 - 0x00007ff98e887000 	C:\WINDOWS\System32\OLEAUT32.dll
0x00007ff970c90000 - 0x00007ff970cc2000 	C:\WINDOWS\SYSTEM32\dbgcore.DLL
0x00007ff98c350000 - 0x00007ff98c3cb000 	C:\WINDOWS\System32\bcryptPrimitives.dll
0x00007ff922c80000 - 0x00007ff922ca5000 	R:\program files\Android\Android studio\jbr\bin\java.dll

dbghelp: loaded successfully - version: 4.0.5 - missing functions: none
symbol engine: initialized successfully - sym options: 0x614 - pdb path: .;R:\program files\Android\Android studio\jbr\bin;C:\WINDOWS\SYSTEM32;C:\WINDOWS\WinSxS\amd64_microsoft.windows.common-controls_6595b64144ccf1df_6.0.22621.3672_none_2713b9d173822955;R:\program files\Android\Android studio\jbr\bin\server

VM Arguments:
java_command: org.jetbrains.kotlin.cli.jvm.K2JVMCompiler @C:\Users\vijay\StudioProjects\vivi_ride_app\build\app\20240828_1028165610132873080.compiler.options
java_class_path (initial): C:\Users\vijay\.gradle\caches\modules-2\files-2.1\org.jetbrains.kotlin\kotlin-compiler-embeddable\1.7.10\909803167c98606fcf22b4c848647c68e351d48d\kotlin-compiler-embeddable-1.7.10.jar;C:\Users\vijay\.gradle\caches\modules-2\files-2.1\org.jetbrains.kotlin\kotlin-reflect\1.7.10\165e600dfea6185cf5efa700756294cc4904dbeb\kotlin-reflect-1.7.10.jar;C:\Users\vijay\.gradle\caches\modules-2\files-2.1\org.jetbrains.kotlin\kotlin-stdlib\1.7.10\d2abf9e77736acc4450dc4a3f707fa2c10f5099d\kotlin-stdlib-1.7.10.jar;C:\Users\vijay\.gradle\caches\modules-2\files-2.1\org.jetbrains.kotlin\kotlin-script-runtime\1.7.10\c99c87a6988d8fd8d5142e9ed5c9f34a7cf561ee\kotlin-script-runtime-1.7.10.jar;C:\Users\vijay\.gradle\caches\modules-2\files-2.1\org.jetbrains.kotlin\kotlin-daemon-embeddable\1.7.10\3a9f7aef7080d3ae63126cbba4f827ed664f32fa\kotlin-daemon-embeddable-1.7.10.jar;C:\Users\vijay\.gradle\caches\modules-2\files-2.1\org.jetbrains.intellij.deps\trove4j\1.0.20200330\3afb14d5f9ceb459d724e907a21145e8ff394f02\trove4j-1.0.20200330.jar;C:\Users\vijay\.gradle\caches\modules-2\files-2.1\net.java.dev.jna\jna\5.6.0\330f2244e9030119ab3030fc3fededc86713d9cc\jna-5.6.0.jar;C:\Users\vijay\.gradle\caches\modules-2\files-2.1\org.jetbrains.kotlin\kotlin-stdlib-common\1.7.10\bac80c520d0a9e3f3673bc2658c6ed02ef45a76a\kotlin-stdlib-common-1.7.10.jar;C:\Users\vijay\.gradle\caches\modules-2\files-2.1\org.jetbrains\annotations\13.0\919f0dfe192fb4e063e7dacadee7f8bb9a2672a9\annotations-13.0.jar
Launcher Type: SUN_STANDARD

[Global flags]
     intx CICompilerCount                          = 4                                         {product} {ergonomic}
     uint ConcGCThreads                            = 3                                         {product} {ergonomic}
     uint G1ConcRefinementThreads                  = 10                                        {product} {ergonomic}
   size_t G1HeapRegionSize                         = 1048576                                   {product} {ergonomic}
    uintx GCDrainStackTargetSize                   = 64                                        {product} {ergonomic}
   size_t InitialHeapSize                          = 125829120                                 {product} {ergonomic}
   size_t MarkStackSize                            = 4194304                                   {product} {ergonomic}
   size_t MaxHeapSize                              = 1983905792                                {product} {ergonomic}
   size_t MinHeapDeltaBytes                        = 1048576                                   {product} {ergonomic}
   size_t MinHeapSize                              = 8388608                                   {product} {ergonomic}
    uintx NonNMethodCodeHeapSize                   = 5839372                                {pd product} {ergonomic}
    uintx NonProfiledCodeHeapSize                  = 122909434                              {pd product} {ergonomic}
    uintx ProfiledCodeHeapSize                     = 122909434                              {pd product} {ergonomic}
    uintx ReservedCodeCacheSize                    = 251658240                              {pd product} {ergonomic}
     bool SegmentedCodeCache                       = true                                      {product} {ergonomic}
   size_t SoftMaxHeapSize                          = 1983905792                             {manageable} {ergonomic}
     bool UseCompressedClassPointers               = true                           {product lp64_product} {ergonomic}
     bool UseCompressedOops                        = true                           {product lp64_product} {ergonomic}
     bool UseG1GC                                  = true                                      {product} {ergonomic}
     bool UseLargePagesIndividualAllocation        = false                                  {pd product} {ergonomic}

Logging:
Log output configuration:
 #0: stdout all=warning uptime,level,tags
 #1: stderr all=off uptime,level,tags

Environment Variables:
JAVA_HOME=R:\program files\Android\Android studio\jbr
CLASSPATH=C:\Users\vijay\StudioProjects\vivi_ride_app\android\\gradle\wrapper\gradle-wrapper.jar
PATH=R:\program files\Android\Android studio\jbr\bin;C:\Program Files (x86)\Common Files\Oracle\Java\java8path;C:\Program Files (x86)\Common Files\Oracle\Java\javapath;R:\User\VIVI\dev\flutter\bin;R:\User\VIVI\Android\sdk\platforms;R:\User\VIVI\Android\sdk\platform-tools;C:\WINDOWS\system32;C:\WINDOWS;C:\WINDOWS\System32\Wbem;C:\WINDOWS\System32\WindowsPowerShell\v1.0\;C:\WINDOWS\System32\OpenSSH\;C:\Program Files\Git\cmd;C:\Users\vijay\AppData\Local\Microsoft\WindowsApps;C:\Users\vijay\AppData\Local\Programs\Microsoft VS Code\bin;;R:\User\VIVI\dev\flutter\bin\mingit\cmd
USERNAME=vijay
OS=Windows_NT
PROCESSOR_IDENTIFIER=AMD64 Family 23 Model 104 Stepping 1, AuthenticAMD
TMP=C:\Users\vijay\AppData\Local\Temp
TEMP=C:\Users\vijay\AppData\Local\Temp



Periodic native trim disabled

JNI global refs:
JNI global refs: 0, weak refs: 0

JNI global refs memory usage: 0, weak refs: 0

Process memory usage:
Resident Set Size: 11756K (0% of 7745256K total physical memory with 679932K free physical memory)

OOME stack traces (most recent first):
Classloader memory used:


---------------  S Y S T E M  ---------------

OS:
 Windows 11 , 64 bit Build 22621 (10.0.22621.3958)
OS uptime: 0 days 5:12 hours

CPU: total 12 (initial active 12) (12 cores per cpu, 2 threads per core) family 23 model 104 stepping 1 microcode 0x0, cx8, cmov, fxsr, ht, mmx, 3dnowpref, sse, sse2, sse3, ssse3, sse4a, sse4.1, sse4.2, popcnt, lzcnt, tsc, tscinvbit, avx, avx2, aes, clmul, bmi1, bmi2, adx, sha, fma, vzeroupper, clflush, clflushopt
Processor Information for all 12 processors :
  Max Mhz: 2100, Current Mhz: 2100, Mhz Limit: 2100

Memory: 4k page, system-wide physical 7563M (663M free)
TotalPageFile size 18507M (AvailPageFile size 10M)
current process WorkingSet (physical memory assigned to process): 11M, peak: 11M
current process commit charge ("private bytes"): 64M, peak: 184M

vm_info: OpenJDK 64-Bit Server VM (17.0.11+0--11852314) for windows-amd64 JRE (17.0.11+0--11852314), built on May 16 2024 21:29:20 by "androidbuild" with MS VC++ 16.10 / 16.11 (VS2019)

END.
